\BOOKMARK [1][-]{section.1}{Introduction}{}% 1
\BOOKMARK [1][-]{section.2}{Related Work}{}% 2
\BOOKMARK [2][-]{subsection.2.1}{Vector surveillance}{section.2}% 3
\BOOKMARK [2][-]{subsection.2.2}{Environmental factors and incidence of dengue fever and dengue haemorrhagic fever in urban Southern Thailand}{section.2}% 4
\BOOKMARK [2][-]{subsection.2.3}{Near real-time characterization of urban environments: a holistic approach for monitoring dengue fever risk areas: A city of Phitsanulok Province, Thailand}{section.2}% 5
\BOOKMARK [2][-]{subsection.2.4}{An information value based analysis of physical and climatic factors affecting dengue fever and dengue haemorrhagic fever incidence: Sukhothai province, Thailand.}{section.2}% 6
\BOOKMARK [2][-]{subsection.2.5}{Impact of daily temperature fluctuations on dengue virus transmission by Aedes aegypti.}{section.2}% 7
\BOOKMARK [2][-]{subsection.2.6}{Vector surveillance}{section.2}% 8
\BOOKMARK [2][-]{subsection.2.7}{Environmental factors and incidence of dengue fever and dengue haemorrhagic fever in urban Southern Thailand}{section.2}% 9
\BOOKMARK [2][-]{subsection.2.8}{Near real-time characterization of urban environments: a holistic approach for monitoring dengue fever risk areas: A city of Phitsanulok Province, Thailand}{section.2}% 10
\BOOKMARK [2][-]{subsection.2.9}{Impact of daily temperature fluctuations on dengue virus transmission by Aedes aegypti.}{section.2}% 11
\BOOKMARK [1][-]{section.3}{Methodology}{}% 12
\BOOKMARK [2][-]{subsection.3.1}{Study area}{section.3}% 13
\BOOKMARK [2][-]{subsection.3.2}{Bangkok districts}{section.3}% 14
\BOOKMARK [2][-]{subsection.3.3}{Dengue fever in Bangkok district}{section.3}% 15
\BOOKMARK [2][-]{subsection.3.4}{Prediction variable and data collection}{section.3}% 16
\BOOKMARK [3][-]{subsubsection.3.4.1}{Dengue virus prediction variable}{subsection.3.4}% 17
\BOOKMARK [3][-]{subsubsection.3.4.2}{Aedes mosquito prediction variables}{subsection.3.4}% 18
\BOOKMARK [3][-]{subsubsection.3.4.3}{Human prediction variables}{subsection.3.4}% 19
\BOOKMARK [2][-]{subsection.3.5}{Data preparation and prediction methodology}{section.3}% 20
\BOOKMARK [3][-]{subsubsection.3.5.1}{Multiple linear regression model}{subsection.3.5}% 21
\BOOKMARK [3][-]{subsubsection.3.5.2}{Multiple logistic regression model}{subsection.3.5}% 22
\BOOKMARK [3][-]{subsubsection.3.5.3}{Bayesian network model}{subsection.3.5}% 23
