This is pdfTeX, Version 3.1415926-2.4-1.40.13 (MiKTeX 2.9 64-bit) (preloaded format=pdflatex 2015.10.13)  21 JUN 2016 11:27
entering extended mode
**main.tex

("E:\PostDocWork\Dengue Related Research\Journal Writing\DengueForecastingProje
ct\main.tex"
LaTeX2e <2011/06/27>
Babel <v3.8m> and hyphenation patterns for english, afrikaans, ancientgreek, ar
abic, armenian, assamese, basque, bengali, bokmal, bulgarian, catalan, coptic, 
croatian, czech, danish, dutch, esperanto, estonian, farsi, finnish, french, ga
lician, german, german-x-2012-05-30, greek, gujarati, hindi, hungarian, iceland
ic, indonesian, interlingua, irish, italian, kannada, kurmanji, latin, latvian,
 lithuanian, malayalam, marathi, mongolian, mongolianlmc, monogreek, ngerman, n
german-x-2012-05-30, nynorsk, oriya, panjabi, pinyin, polish, portuguese, roman
ian, russian, sanskrit, serbian, slovak, slovenian, spanish, swedish, swissgerm
an, tamil, telugu, turkish, turkmen, ukenglish, ukrainian, uppersorbian, usengl
ishmax, welsh, loaded.
("C:\Program Files\MiKTeX 2.9\tex\latex\elsarticle\elsarticle.cls"
Document Class: elsarticle 2009/09/17, 1.2.0: Elsevier Ltd
\@bls=\dimen102
("C:\Program Files\MiKTeX 2.9\tex\latex\base\article.cls"
Document Class: article 2007/10/19 v1.4h Standard LaTeX document class
("C:\Program Files\MiKTeX 2.9\tex\latex\base\size10.clo"
File: size10.clo 2007/10/19 v1.4h Standard LaTeX file (size option)
)
\c@part=\count79
\c@section=\count80
\c@subsection=\count81
\c@subsubsection=\count82
\c@paragraph=\count83
\c@subparagraph=\count84
\c@figure=\count85
\c@table=\count86
\abovecaptionskip=\skip41
\belowcaptionskip=\skip42
\bibindent=\dimen103
)
("C:\Program Files\MiKTeX 2.9\tex\latex\graphics\graphicx.sty"
Package: graphicx 1999/02/16 v1.0f Enhanced LaTeX Graphics (DPC,SPQR)

("C:\Program Files\MiKTeX 2.9\tex\latex\graphics\keyval.sty"
Package: keyval 1999/03/16 v1.13 key=value parser (DPC)
\KV@toks@=\toks14
)
("C:\Program Files\MiKTeX 2.9\tex\latex\graphics\graphics.sty"
Package: graphics 2009/02/05 v1.0o Standard LaTeX Graphics (DPC,SPQR)

("C:\Program Files\MiKTeX 2.9\tex\latex\graphics\trig.sty"
Package: trig 1999/03/16 v1.09 sin cos tan (DPC)
)
("C:\Program Files\MiKTeX 2.9\tex\latex\00miktex\graphics.cfg"
File: graphics.cfg 2007/01/18 v1.5 graphics configuration of teTeX/TeXLive
)
Package graphics Info: Driver file: pdftex.def on input line 91.

("C:\Program Files\MiKTeX 2.9\tex\latex\pdftex-def\pdftex.def"
File: pdftex.def 2011/05/27 v0.06d Graphics/color for pdfTeX

("C:\Program Files\MiKTeX 2.9\tex\generic\oberdiek\infwarerr.sty"
Package: infwarerr 2010/04/08 v1.3 Providing info/warning/error messages (HO)
)
("C:\Program Files\MiKTeX 2.9\tex\generic\oberdiek\ltxcmds.sty"
Package: ltxcmds 2011/11/09 v1.22 LaTeX kernel commands for general use (HO)
)
\Gread@gobject=\count87
))
\Gin@req@height=\dimen104
\Gin@req@width=\dimen105
)
("C:\Program Files\MiKTeX 2.9\tex\latex\psnfss\pifont.sty"
Package: pifont 2005/04/12 PSNFSS-v9.2a Pi font support (SPQR) 
LaTeX Font Info:    Try loading font information for U+pzd on input line 63.

("C:\Program Files\MiKTeX 2.9\tex\latex\psnfss\upzd.fd"
File: upzd.fd 2001/06/04 font definitions for U/pzd.
)
LaTeX Font Info:    Try loading font information for U+psy on input line 64.

("C:\Program Files\MiKTeX 2.9\tex\latex\psnfss\upsy.fd"
File: upsy.fd 2001/06/04 font definitions for U/psy.
))
\c@tnote=\count88
\c@fnote=\count89
\c@cnote=\count90
\c@ead=\count91
\c@author=\count92
\@eadauthor=\toks15
\c@affn=\count93
\absbox=\box26
\keybox=\box27
\Columnwidth=\dimen106
\space@left=\dimen107
\els@boxa=\box28
\els@boxb=\box29
\leftMargin=\dimen108
\@enLab=\toks16
\@sep=\skip43
\@@sep=\skip44

("E:\PostDocWork\Dengue Related Research\Journal Writing\DengueForecastingProje
ct\main.spl") ("C:\Program Files\MiKTeX 2.9\tex\latex\natbib\natbib.sty"
Package: natbib 2010/09/13 8.31b (PWD, AO)
\bibhang=\skip45
\bibsep=\skip46
LaTeX Info: Redefining \cite on input line 694.
\c@NAT@ctr=\count94
)
\splwrite=\write3
)
("C:\Program Files\MiKTeX 2.9\tex\latex\lineno\lineno.sty"
Package: lineno 2005/11/02 line numbers on paragraphs v4.41
\linenopenalty=\count95
\output=\toks17
\linenoprevgraf=\count96
\linenumbersep=\dimen109
\linenumberwidth=\dimen110
\c@linenumber=\count97
\c@pagewiselinenumber=\count98
\c@LN@truepage=\count99
\c@internallinenumber=\count100
\c@internallinenumbers=\count101
\quotelinenumbersep=\dimen111
\bframerule=\dimen112
\bframesep=\dimen113
\bframebox=\box30
LaTeX Info: Redefining \\ on input line 3056.
)
("C:\Program Files\MiKTeX 2.9\tex\latex\hyperref\hyperref.sty"
Package: hyperref 2012/11/06 v6.83m Hypertext links for LaTeX

("C:\Program Files\MiKTeX 2.9\tex\generic\oberdiek\hobsub-hyperref.sty"
Package: hobsub-hyperref 2012/04/25 v1.12 Bundle oberdiek, subset hyperref (HO)


("C:\Program Files\MiKTeX 2.9\tex\generic\oberdiek\hobsub-generic.sty"
Package: hobsub-generic 2012/04/25 v1.12 Bundle oberdiek, subset generic (HO)
Package: hobsub 2012/04/25 v1.12 Construct package bundles (HO)
Package hobsub Info: Skipping package `infwarerr' (already loaded).
Package hobsub Info: Skipping package `ltxcmds' (already loaded).
Package: ifluatex 2010/03/01 v1.3 Provides the ifluatex switch (HO)
Package ifluatex Info: LuaTeX not detected.
Package: ifvtex 2010/03/01 v1.5 Detect VTeX and its facilities (HO)
Package ifvtex Info: VTeX not detected.
Package: intcalc 2007/09/27 v1.1 Expandable calculations with integers (HO)
Package: ifpdf 2011/01/30 v2.3 Provides the ifpdf switch (HO)
Package ifpdf Info: pdfTeX in PDF mode is detected.
Package: etexcmds 2011/02/16 v1.5 Avoid name clashes with e-TeX commands (HO)
Package etexcmds Info: Could not find \expanded.
(etexcmds)             That can mean that you are not using pdfTeX 1.50 or
(etexcmds)             that some package has redefined \expanded.
(etexcmds)             In the latter case, load this package earlier.
Package: kvsetkeys 2012/04/25 v1.16 Key value parser (HO)
Package: kvdefinekeys 2011/04/07 v1.3 Define keys (HO)
Package: pdftexcmds 2011/11/29 v0.20 Utility functions of pdfTeX for LuaTeX (HO
)
Package pdftexcmds Info: LuaTeX not detected.
Package pdftexcmds Info: \pdf@primitive is available.
Package pdftexcmds Info: \pdf@ifprimitive is available.
Package pdftexcmds Info: \pdfdraftmode found.
Package: pdfescape 2011/11/25 v1.13 Implements pdfTeX's escape features (HO)
Package: bigintcalc 2012/04/08 v1.3 Expandable calculations on big integers (HO
)
Package: bitset 2011/01/30 v1.1 Handle bit-vector datatype (HO)
Package: uniquecounter 2011/01/30 v1.2 Provide unlimited unique counter (HO)
)
Package hobsub Info: Skipping package `hobsub' (already loaded).
Package: letltxmacro 2010/09/02 v1.4 Let assignment for LaTeX macros (HO)
Package: hopatch 2011/06/24 v1.1 Wrapper for package hooks (HO)
Package: xcolor-patch 2011/01/30 xcolor patch
Package: atveryend 2011/06/30 v1.8 Hooks at the very end of document (HO)
Package atveryend Info: \enddocument detected (standard20110627).
Package: atbegshi 2011/10/05 v1.16 At begin shipout hook (HO)
Package: refcount 2011/10/16 v3.4 Data extraction from label references (HO)
Package: hycolor 2011/01/30 v1.7 Color options for hyperref/bookmark (HO)
)
("C:\Program Files\MiKTeX 2.9\tex\generic\ifxetex\ifxetex.sty"
Package: ifxetex 2010/09/12 v0.6 Provides ifxetex conditional
)
("C:\Program Files\MiKTeX 2.9\tex\latex\oberdiek\auxhook.sty"
Package: auxhook 2011/03/04 v1.3 Hooks for auxiliary files (HO)
)
("C:\Program Files\MiKTeX 2.9\tex\latex\oberdiek\kvoptions.sty"
Package: kvoptions 2011/06/30 v3.11 Key value format for package options (HO)
)
\@linkdim=\dimen114
\Hy@linkcounter=\count102
\Hy@pagecounter=\count103

("C:\Program Files\MiKTeX 2.9\tex\latex\hyperref\pd1enc.def"
File: pd1enc.def 2012/11/06 v6.83m Hyperref: PDFDocEncoding definition (HO)
)
\Hy@SavedSpaceFactor=\count104

("C:\Program Files\MiKTeX 2.9\tex\latex\00miktex\hyperref.cfg"
File: hyperref.cfg 2002/06/06 v1.2 hyperref configuration of TeXLive
)
Package hyperref Info: Hyper figures OFF on input line 4443.
Package hyperref Info: Link nesting OFF on input line 4448.
Package hyperref Info: Hyper index ON on input line 4451.
Package hyperref Info: Plain pages OFF on input line 4458.
Package hyperref Info: Backreferencing OFF on input line 4463.
Package hyperref Info: Implicit mode ON; LaTeX internals redefined.
Package hyperref Info: Bookmarks ON on input line 4688.
\c@Hy@tempcnt=\count105

("C:\Program Files\MiKTeX 2.9\tex\latex\ltxmisc\url.sty"
\Urlmuskip=\muskip10
Package: url 2006/04/12  ver 3.3  Verb mode for urls, etc.
)
LaTeX Info: Redefining \url on input line 5041.
\XeTeXLinkMargin=\dimen115
\Fld@menulength=\count106
\Field@Width=\dimen116
\Fld@charsize=\dimen117
Package hyperref Info: Hyper figures OFF on input line 6295.
Package hyperref Info: Link nesting OFF on input line 6300.
Package hyperref Info: Hyper index ON on input line 6303.
Package hyperref Info: backreferencing OFF on input line 6310.
Package hyperref Info: Link coloring OFF on input line 6315.
Package hyperref Info: Link coloring with OCG OFF on input line 6320.
Package hyperref Info: PDF/A mode OFF on input line 6325.
LaTeX Info: Redefining \ref on input line 6365.
LaTeX Info: Redefining \pageref on input line 6369.
\Hy@abspage=\count107
\c@Item=\count108
\c@Hfootnote=\count109
)

Package hyperref Message: Driver (autodetected): hpdftex.

("C:\Program Files\MiKTeX 2.9\tex\latex\hyperref\hpdftex.def"
File: hpdftex.def 2012/11/06 v6.83m Hyperref driver for pdfTeX
\Fld@listcount=\count110
\c@bookmark@seq@number=\count111

("C:\Program Files\MiKTeX 2.9\tex\latex\oberdiek\rerunfilecheck.sty"
Package: rerunfilecheck 2011/04/15 v1.7 Rerun checks for auxiliary files (HO)
Package uniquecounter Info: New unique counter `rerunfilecheck' on input line 2
82.
)
\Hy@SectionHShift=\skip47
)
("C:\Program Files\MiKTeX 2.9\tex\latex\amsfonts\amssymb.sty"
Package: amssymb 2013/01/14 v3.01 AMS font symbols

("C:\Program Files\MiKTeX 2.9\tex\latex\amsfonts\amsfonts.sty"
Package: amsfonts 2013/01/14 v3.01 Basic AMSFonts support
\@emptytoks=\toks18
\symAMSa=\mathgroup4
\symAMSb=\mathgroup5
LaTeX Font Info:    Overwriting math alphabet `\mathfrak' in version `bold'
(Font)                  U/euf/m/n --> U/euf/b/n on input line 106.
))
("C:\Program Files\MiKTeX 2.9\tex\latex\pslatex\pslatex.sty"
Package: pslatex 1996/07/24 v1.2 pslatex emulation (DPC)
LaTeX Font Info:    Redeclaring symbol font `operators' on input line 65.
LaTeX Font Info:    Overwriting symbol font `operators' in version `normal'
(Font)                  OT1/cmr/m/n --> OT1/ptmcm/m/n on input line 65.
LaTeX Font Info:    Overwriting symbol font `operators' in version `bold'
(Font)                  OT1/cmr/bx/n --> OT1/ptmcm/m/n on input line 65.
LaTeX Font Info:    Redeclaring symbol font `letters' on input line 66.
LaTeX Font Info:    Overwriting symbol font `letters' in version `normal'
(Font)                  OML/cmm/m/it --> OML/ptmcm/m/it on input line 66.
LaTeX Font Info:    Overwriting symbol font `letters' in version `bold'
(Font)                  OML/cmm/b/it --> OML/ptmcm/m/it on input line 66.
LaTeX Font Info:    Redeclaring symbol font `symbols' on input line 67.
LaTeX Font Info:    Overwriting symbol font `symbols' in version `normal'
(Font)                  OMS/cmsy/m/n --> OMS/pzccm/m/n on input line 67.
LaTeX Font Info:    Overwriting symbol font `symbols' in version `bold'
(Font)                  OMS/cmsy/b/n --> OMS/pzccm/m/n on input line 67.
LaTeX Font Info:    Redeclaring symbol font `largesymbols' on input line 68.
LaTeX Font Info:    Overwriting symbol font `largesymbols' in version `normal'
(Font)                  OMX/cmex/m/n --> OMX/psycm/m/n on input line 68.
LaTeX Font Info:    Overwriting symbol font `largesymbols' in version `bold'
(Font)                  OMX/cmex/m/n --> OMX/psycm/m/n on input line 68.
\symbold=\mathgroup6
\symitalic=\mathgroup7
LaTeX Font Info:    Redeclaring math alphabet \mathbf on input line 74.
LaTeX Font Info:    Overwriting math alphabet `\mathbf' in version `normal'
(Font)                  OT1/cmr/bx/n --> OT1/ptm/bx/n on input line 74.
LaTeX Font Info:    Overwriting math alphabet `\mathbf' in version `bold'
(Font)                  OT1/cmr/bx/n --> OT1/ptm/bx/n on input line 74.
LaTeX Font Info:    Redeclaring math alphabet \mathit on input line 75.
LaTeX Font Info:    Overwriting math alphabet `\mathit' in version `normal'
(Font)                  OT1/cmr/m/it --> OT1/ptm/m/it on input line 75.
LaTeX Font Info:    Overwriting math alphabet `\mathit' in version `bold'
(Font)                  OT1/cmr/bx/it --> OT1/ptm/m/it on input line 75.
)
("C:\Program Files\MiKTeX 2.9\tex\latex\cjk\ruby.sty"
Package: ruby 2012/05/07 4.8.3

("C:\Program Files\MiKTeX 2.9\tex\latex\cjk\CJK.sty"
Package: CJK 2012/05/07 4.8.3

("C:\Program Files\MiKTeX 2.9\tex\latex\cjk\mule\MULEenc.sty"
Package: MULEenc 2012/05/07 4.8.3
)
("C:\Program Files\MiKTeX 2.9\tex\latex\cjk\CJK.enc"
File: CJK.enc 2012/05/07 4.8.3
)
LaTeX Info: Redefining \selectfont on input line 755.
\CJK@indent=\box31
)
\ruby@width=\dimen118
)
("C:\Program Files\MiKTeX 2.9\tex\latex\linguex\linguex.sty"
("C:\Program Files\MiKTeX 2.9\tex\latex\tools\xspace.sty"
Package: xspace 2009/10/20 v1.13 Space after command names (DPC,MH)
)
("C:\Program Files\MiKTeX 2.9\tex\latex\gb4e\cgloss4e.sty"
\lineone=\box32
\linetwo=\box33
\linethree=\box34
\wordone=\box35
\wordtwo=\box36
\wordthree=\box37
\gline=\box38
\glossglue=\skip48
)
\c@ExNo=\count112
\c@SubExNo=\count113
\c@SubSubExNo=\count114
\c@FnExNo=\count115
\c@ABC=\count116
\currentlabel=\skip49
\lessthanten=\skip50
\lessthanhundred=\skip51
\lessthanthousand=\skip52
\@Exleftmargin=\skip53
\Exlabelwidth=\skip54
\Extopsep=\skip55
\Exindent=\skip56
\SubExleftmargin=\skip57
\SubSubExleftmargin=\skip58
\Exlabelsep=\skip59
\alignSubExnegindent=\skip60
\Exredux=\skip61
\digitwidth=\skip62
\mindigitwidth=\skip63
\c@ExDepth=\count117
\c@TempExDepth=\count118
\CollectTokens=\toks19
LaTeX Info: Redefining \b on input line 303.
LaTeX Info: Redefining \c on input line 307.
LaTeX Info: Redefining \d on input line 309.
\c@tmpaEx=\count119
)
("C:\Program Files\MiKTeX 2.9\tex\latex\multirow\multirow.sty"
\bigstrutjot=\dimen119
)
("C:\Program Files\MiKTeX 2.9\tex\latex\subfigure\subfigure.sty"
Package: subfigure 2002/07/30 v2.1.4 subfigure package
\subfigtopskip=\skip64
\subfigcapskip=\skip65
\subfigcaptopadj=\dimen120
\subfigbottomskip=\skip66
\subfigcapmargin=\dimen121
\subfiglabelskip=\skip67
\c@subfigure=\count120
\c@lofdepth=\count121
\c@subtable=\count122
\c@lotdepth=\count123

****************************************
* Local config file subfigure.cfg used *
****************************************
("C:\Program Files\MiKTeX 2.9\tex\latex\subfigure\subfigure.cfg")
\subfig@top=\skip68
\subfig@bottom=\skip69
)
("C:\Program Files\MiKTeX 2.9\tex\latex\paralist\paralist.sty"
Package: paralist 2002/03/18 v2.3b Extended list environments (BS)
\pltopsep=\skip70
\plpartopsep=\skip71
\plitemsep=\skip72
\plparsep=\skip73
\pl@lab=\toks20
)
("C:\Program Files\MiKTeX 2.9\tex\latex\base\fixltx2e.sty"
Package: fixltx2e 2006/09/13 v1.1m fixes to LaTeX
LaTeX Info: Redefining \em on input line 420.
)
("C:\Program Files\MiKTeX 2.9\tex\latex\tools\tabularx.sty"
Package: tabularx 1999/01/07 v2.07 `tabularx' package (DPC)

("C:\Program Files\MiKTeX 2.9\tex\latex\tools\array.sty"
Package: array 2008/09/09 v2.4c Tabular extension package (FMi)
\col@sep=\dimen122
\extrarowheight=\dimen123
\NC@list=\toks21
\extratabsurround=\skip74
\backup@length=\skip75
)
\TX@col@width=\dimen124
\TX@old@table=\dimen125
\TX@old@col=\dimen126
\TX@target=\dimen127
\TX@delta=\dimen128
\TX@cols=\count124
\TX@ftn=\toks22
)
("E:\PostDocWork\Dengue Related Research\Journal Writing\DengueForecastingProje
ct\main.aux"

LaTeX Warning: Label `eq:hi' multiply defined.


LaTeX Warning: Label `eq:ci' multiply defined.


LaTeX Warning: Label `eq:bi' multiply defined.


LaTeX Warning: Label `eq:linear' multiply defined.

)
LaTeX Font Info:    Checking defaults for OML/cmm/m/it on input line 57.
LaTeX Font Info:    ... okay on input line 57.
LaTeX Font Info:    Checking defaults for T1/cmr/m/n on input line 57.
LaTeX Font Info:    ... okay on input line 57.
LaTeX Font Info:    Checking defaults for OT1/cmr/m/n on input line 57.
LaTeX Font Info:    ... okay on input line 57.
LaTeX Font Info:    Checking defaults for OMS/pzccm/m/n on input line 57.
LaTeX Font Info:    Try loading font information for OMS+pzccm on input line 57
.
 ("C:\Program Files\MiKTeX 2.9\tex\latex\psnfss\omspzccm.fd"
File: omspzccm.fd 2000/01/03 Fontinst v1.801 font definitions for OMS/pzccm.
)
LaTeX Font Info:    ... okay on input line 57.
LaTeX Font Info:    Checking defaults for OMX/cmex/m/n on input line 57.
LaTeX Font Info:    ... okay on input line 57.
LaTeX Font Info:    Checking defaults for U/cmr/m/n on input line 57.
LaTeX Font Info:    ... okay on input line 57.
LaTeX Font Info:    Checking defaults for PD1/pdf/m/n on input line 57.
LaTeX Font Info:    ... okay on input line 57.
LaTeX Font Info:    Checking defaults for C00/song/m/n on input line 57.
LaTeX Font Info:    ... okay on input line 57.
LaTeX Font Info:    Checking defaults for C05/song/m/n on input line 57.
LaTeX Font Info:    ... okay on input line 57.
LaTeX Font Info:    Checking defaults for C09/song/m/n on input line 57.
LaTeX Font Info:    ... okay on input line 57.
LaTeX Font Info:    Checking defaults for C10/song/m/n on input line 57.
LaTeX Font Info:    ... okay on input line 57.
LaTeX Font Info:    Checking defaults for C20/song/m/n on input line 57.
LaTeX Font Info:    ... okay on input line 57.
LaTeX Font Info:    Checking defaults for C19/song/m/n on input line 57.
LaTeX Font Info:    ... okay on input line 57.
LaTeX Font Info:    Checking defaults for C40/song/m/n on input line 57.
LaTeX Font Info:    ... okay on input line 57.
LaTeX Font Info:    Checking defaults for C42/song/m/n on input line 57.
LaTeX Font Info:    ... okay on input line 57.
LaTeX Font Info:    Checking defaults for C43/song/m/n on input line 57.
LaTeX Font Info:    ... okay on input line 57.
LaTeX Font Info:    Checking defaults for C50/song/m/n on input line 57.
LaTeX Font Info:    ... okay on input line 57.
LaTeX Font Info:    Checking defaults for C52/song/m/n on input line 57.
LaTeX Font Info:    ... okay on input line 57.
LaTeX Font Info:    Checking defaults for C49/song/m/n on input line 57.
LaTeX Font Info:    ... okay on input line 57.
LaTeX Font Info:    Checking defaults for C60/mj/m/n on input line 57.
LaTeX Font Info:    ... okay on input line 57.
LaTeX Font Info:    Checking defaults for C61/mj/m/n on input line 57.
LaTeX Font Info:    ... okay on input line 57.
LaTeX Font Info:    Checking defaults for C63/mj/m/n on input line 57.
LaTeX Font Info:    ... okay on input line 57.
LaTeX Font Info:    Checking defaults for C64/mj/m/n on input line 57.
LaTeX Font Info:    ... okay on input line 57.
LaTeX Font Info:    Checking defaults for C65/mj/m/n on input line 57.
LaTeX Font Info:    ... okay on input line 57.
LaTeX Font Info:    Checking defaults for C70/song/m/n on input line 57.
LaTeX Font Info:    ... okay on input line 57.
LaTeX Font Info:    Checking defaults for C31/song/m/n on input line 57.
LaTeX Font Info:    ... okay on input line 57.
LaTeX Font Info:    Checking defaults for C32/song/m/n on input line 57.
LaTeX Font Info:    ... okay on input line 57.
LaTeX Font Info:    Checking defaults for C33/song/m/n on input line 57.
LaTeX Font Info:    ... okay on input line 57.
LaTeX Font Info:    Checking defaults for C34/song/m/n on input line 57.
LaTeX Font Info:    ... okay on input line 57.
LaTeX Font Info:    Checking defaults for C35/song/m/n on input line 57.
LaTeX Font Info:    ... okay on input line 57.
LaTeX Font Info:    Checking defaults for C36/song/m/n on input line 57.
LaTeX Font Info:    ... okay on input line 57.
LaTeX Font Info:    Checking defaults for C37/song/m/n on input line 57.
LaTeX Font Info:    ... okay on input line 57.
LaTeX Font Info:    Checking defaults for C80/song/m/n on input line 57.
LaTeX Font Info:    ... okay on input line 57.
LaTeX Font Info:    Checking defaults for C81/song/m/n on input line 57.
LaTeX Font Info:    ... okay on input line 57.
LaTeX Font Info:    Checking defaults for C01/song/m/n on input line 57.
LaTeX Font Info:    ... okay on input line 57.
LaTeX Font Info:    Checking defaults for C11/song/m/n on input line 57.
LaTeX Font Info:    ... okay on input line 57.
LaTeX Font Info:    Checking defaults for C21/song/m/n on input line 57.
LaTeX Font Info:    ... okay on input line 57.
LaTeX Font Info:    Checking defaults for C41/song/m/n on input line 57.
LaTeX Font Info:    ... okay on input line 57.
LaTeX Font Info:    Checking defaults for C62/song/m/n on input line 57.
LaTeX Font Info:    ... okay on input line 57.

("C:\Program Files\MiKTeX 2.9\tex\context\base\supp-pdf.mkii"
[Loading MPS to PDF converter (version 2006.09.02).]
\scratchcounter=\count125
\scratchdimen=\dimen129
\scratchbox=\box39
\nofMPsegments=\count126
\nofMParguments=\count127
\everyMPshowfont=\toks23
\MPscratchCnt=\count128
\MPscratchDim=\dimen130
\MPnumerator=\count129
\makeMPintoPDFobject=\count130
\everyMPtoPDFconversion=\toks24
)
\AtBeginShipoutBox=\box40
Package hyperref Info: Link coloring OFF on input line 57.
 ("C:\Program Files\MiKTeX 2.9\tex\latex\hyperref\nameref.sty"
Package: nameref 2012/10/27 v2.43 Cross-referencing by name of section

("C:\Program Files\MiKTeX 2.9\tex\generic\oberdiek\gettitlestring.sty"
Package: gettitlestring 2010/12/03 v1.4 Cleanup title references (HO)
)
\c@section@level=\count131
)
LaTeX Info: Redefining \ref on input line 57.
LaTeX Info: Redefining \pageref on input line 57.
LaTeX Info: Redefining \nameref on input line 57.

("E:\PostDocWork\Dengue Related Research\Journal Writing\DengueForecastingProje
ct\main.out")
("E:\PostDocWork\Dengue Related Research\Journal Writing\DengueForecastingProje
ct\main.out")
\@outlinefile=\write4
LaTeX Font Info:    Font shape `OT1/ptm/bx/n' in size <10> not available
(Font)              Font shape `OT1/ptm/b/n' tried instead on input line 109.
Missing character: There is no ‚ in font ptmr7t!
Missing character: There is no Ä in font ptmr7t!
Missing character: There is no ú in font ptmr7t!
Missing character: There is no ‚ in font ptmr7t!
Missing character: There is no Ä in font ptmr7t!
Missing character: There is no ù in font ptmr7t!
LaTeX Font Info:    Try loading font information for OT1+ptmcm on input line 13
8.
 ("C:\Program Files\MiKTeX 2.9\tex\latex\psnfss\ot1ptmcm.fd"
File: ot1ptmcm.fd 2000/01/03 Fontinst v1.801 font definitions for OT1/ptmcm.
)
LaTeX Font Info:    Try loading font information for OML+ptmcm on input line 13
8.

("C:\Program Files\MiKTeX 2.9\tex\latex\psnfss\omlptmcm.fd"
File: omlptmcm.fd 2000/01/03 Fontinst v1.801 font definitions for OML/ptmcm.
)
LaTeX Font Info:    Try loading font information for OMX+psycm on input line 13
8.

("C:\Program Files\MiKTeX 2.9\tex\latex\psnfss\omxpsycm.fd"
File: omxpsycm.fd 2000/01/03 Fontinst v1.801 font definitions for OMX/psycm.
)
LaTeX Font Info:    Try loading font information for U+msa on input line 138.

("C:\Program Files\MiKTeX 2.9\tex\latex\amsfonts\umsa.fd"
File: umsa.fd 2013/01/14 v3.01 AMS symbols A
)
LaTeX Font Info:    Try loading font information for U+msb on input line 138.

("C:\Program Files\MiKTeX 2.9\tex\latex\amsfonts\umsb.fd"
File: umsb.fd 2013/01/14 v3.01 AMS symbols B
)
LaTeX Font Info:    Font shape `OT1/ptm/bx/n' in size <7.4> not available
(Font)              Font shape `OT1/ptm/b/n' tried instead on input line 138.
LaTeX Font Info:    Font shape `OT1/ptm/bx/n' in size <6> not available
(Font)              Font shape `OT1/ptm/b/n' tried instead on input line 138.
LaTeX Font Info:    Font shape `OT1/ptm/bx/n' in size <8> not available
(Font)              Font shape `OT1/ptm/b/n' tried instead on input line 138.
LaTeX Font Info:    Font shape `OT1/ptm/bx/n' in size <5> not available
(Font)              Font shape `OT1/ptm/b/n' tried instead on input line 138.


LaTeX Warning: there is no bold Symbol font on input line 142.

LaTeX Font Info:    Font shape `OT1/phv/m/n' will be
(Font)              scaled to size 4.49997pt on input line 142.
[1


{C:/ProgramData/MiKTeX/2.9/pdftex/config/pdftex.map}]
Missing character: There is no ‚ in font ptmr7t!
Missing character: There is no Ä in font ptmr7t!
Missing character: There is no ì in font ptmr7t!

<./figures/denguespread.jpg, id=119, 997.7275pt x 379.4175pt>
File: ./figures/denguespread.jpg Graphic file (type jpg)

<use ./figures/denguespread.jpg>
Package pdftex.def Info: ./figures/denguespread.jpg used on input line 165.
(pdftex.def)             Requested size: 426.79134pt x 162.30107pt.

Overfull \hbox (81.79134pt too wide) in paragraph at lines 165--166
 [] 
 []

[2] [3 <E:/PostDocWork/Dengue Related Research/Journal Writing/DengueForecastin
gProject/figures/denguespread.jpg>]
Missing character: There is no ‚ in font ptmr7t!
Missing character: There is no Ä in font ptmr7t!
Missing character: There is no ô in font ptmr7t!
 [4] [5]

LaTeX Warning: Reference `figure-house_with_garbage' on page 6 undefined on inp
ut line 253.


LaTeX Warning: Reference `figure-gps_map_den_cases' on page 6 undefined on inpu
t line 278.

[6] [7]
Missing character: There is no ¬ in font ptmr7t!
Missing character: There is no ∞ in font ptmr7t!
Missing character: There is no ¬ in font ptmr7t!
Missing character: There is no ∞ in font ptmr7t!
Missing character: There is no ¬ in font ptmr7t!
Missing character: There is no ∞ in font ptmr7t!
Missing character: There is no ¬ in font ptmr7t!
Missing character: There is no ∞ in font ptmr7t!
Missing character: There is no ¬ in font ptmr7t!
Missing character: There is no ∞ in font ptmr7t!
Missing character: There is no ¬ in font ptmr7t!
Missing character: There is no ∞ in font ptmr7t!
Missing character: There is no ¬ in font ptmr7t!
Missing character: There is no ∞ in font ptmr7t!
Missing character: There is no ¬ in font ptmr7t!
Missing character: There is no ∞ in font ptmr7t!
Missing character: There is no ¬ in font ptmr7t!
Missing character: There is no ∞ in font ptmr7t!
Missing character: There is no ‚ in font ptmr7t!
Missing character: There is no à in font ptmr7t!
Missing character: There is no º in font ptmr7t!
Missing character: There is no ‚ in font ptmr7t!
Missing character: There is no à in font ptmr7t!
Missing character: There is no º in font ptmr7t!
 [8] [9] [10]
Missing character: There is no ‚ in font zptmcmr!
Missing character: There is no Ä in font zptmcmr!
Missing character: There is no ì in font zptmcmr!
Missing character: There is no ‚ in font ptmr7t!
Missing character: There is no Ä in font ptmr7t!
Missing character: There is no ì in font ptmr7t!


LaTeX Warning: Reference `figure-er_3' on page 11 undefined on input line 502.

[11]
Missing character: There is no ¬ in font ptmr7t!
Missing character: There is no ∞ in font ptmr7t!
Missing character: There is no ¬ in font ptmr7t!
Missing character: There is no ∞ in font ptmr7t!
Missing character: There is no ¬ in font ptmr7t!
Missing character: There is no ∞ in font ptmr7t!
Missing character: There is no ¬ in font ptmr7t!
Missing character: There is no ∞ in font ptmr7t!
Missing character: There is no ¬ in font ptmr7t!
Missing character: There is no ∞ in font ptmr7t!
Missing character: There is no ¬ in font ptmr7t!
Missing character: There is no ∞ in font ptmr7t!
Missing character: There is no ¬ in font ptmr7t!
Missing character: There is no ∞ in font ptmr7t!
Missing character: There is no ¬ in font ptmr7t!
Missing character: There is no ∞ in font ptmr7t!
Missing character: There is no ¬ in font ptmr7t!
Missing character: There is no ∞ in font ptmr7t!
Missing character: There is no ‚ in font ptmr7t!
Missing character: There is no à in font ptmr7t!
Missing character: There is no º in font ptmr7t!
Missing character: There is no ‚ in font ptmr7t!
Missing character: There is no à in font ptmr7t!
Missing character: There is no º in font ptmr7t!
 [12] <./figures/avg_temp_bangkok.jpg, id=255, 1204.5pt x 803.0pt>
File: ./figures/avg_temp_bangkok.jpg Graphic file (type jpg)

<use ./figures/avg_temp_bangkok.jpg>
Package pdftex.def Info: ./figures/avg_temp_bangkok.jpg used on input line 586.

(pdftex.def)             Requested size: 412.56496pt x 275.0381pt.

Overfull \hbox (67.56496pt too wide) in paragraph at lines 586--587
 [] 
 []

<./figures/avg_rain_bangkok.jpg, id=257, 1204.5pt x 803.0pt>
File: ./figures/avg_rain_bangkok.jpg Graphic file (type jpg)

<use ./figures/avg_rain_bangkok.jpg>
Package pdftex.def Info: ./figures/avg_rain_bangkok.jpg used on input line 594.

(pdftex.def)             Requested size: 412.56496pt x 275.0381pt.

Overfull \hbox (67.56496pt too wide) in paragraph at lines 594--595
 [] 
 []

<./figures/dengue_incident_rate.png, id=260, 440.847pt x 216.20775pt>
File: ./figures/dengue_incident_rate.png Graphic file (type png)

<use ./figures/dengue_incident_rate.png>
Package pdftex.def Info: ./figures/dengue_incident_rate.png used on input line 
604.
(pdftex.def)             Requested size: 398.33858pt x 195.36044pt.

Overfull \hbox (53.33858pt too wide) in paragraph at lines 604--605
 [] 
 []

[13] [14 <E:/PostDocWork/Dengue Related Research/Journal Writing/DengueForecast
ingProject/figures/avg_temp_bangkok.jpg>] [15 <E:/PostDocWork/Dengue Related Re
search/Journal Writing/DengueForecastingProject/figures/avg_rain_bangkok.jpg>]
LaTeX Font Info:    Font shape `OT1/ptm/bx/n' in size <7> not available
(Font)              Font shape `OT1/ptm/b/n' tried instead on input line 725.

Overfull \hbox (69.02902pt too wide) in paragraph at lines 619--726
 [][] 
 []


LaTeX Warning: Float too large for page by 682.71028pt on input line 727.

<./figures/bangkok_district.png, id=282, 877.2775pt x 697.60625pt>
File: ./figures/bangkok_district.png Graphic file (type png)

<use ./figures/bangkok_district.png>
Package pdftex.def Info: ./figures/bangkok_district.png used on input line 733.

(pdftex.def)             Requested size: 398.33858pt x 316.76201pt.

Overfull \hbox (53.33858pt too wide) in paragraph at lines 733--734
 [] 
 []

[16 <E:/PostDocWork/Dengue Related Research/Journal Writing/DengueForecastingPr
oject/figures/dengue_incident_rate.png>] [17] [18 <E:/PostDocWork/Dengue Relate
d Research/Journal Writing/DengueForecastingProject/figures/bangkok_district.pn
g>] <./figures/bangkok_dengue_data.png, id=305, 981.6675pt x 389.455pt>
File: ./figures/bangkok_dengue_data.png Graphic file (type png)

<use ./figures/bangkok_dengue_data.png>
Package pdftex.def Info: ./figures/bangkok_dengue_data.png used on input line 7
48.
(pdftex.def)             Requested size: 412.56496pt x 163.67694pt.

Overfull \hbox (67.56496pt too wide) in paragraph at lines 748--749
 [] 
 []

<./figures/dengue_bangkok_2015.png, id=308, 453.8556pt x 249.0906pt>
File: ./figures/dengue_bangkok_2015.png Graphic file (type png)

<use ./figures/dengue_bangkok_2015.png>
Package pdftex.def Info: ./figures/dengue_bangkok_2015.png used on input line 7
57.
(pdftex.def)             Requested size: 341.43306pt x 187.3914pt.
 [19 <E:/PostDocWork/Dengue Related Research/Journal Writing/DengueForecastingP
roject/figures/bangkok_dengue_data.png (PNG copy)>]
Overfull \hbox (3.16656pt too wide) in paragraph at lines 796--797
[]\OT1/ptm/m/n/10 All DF/DHF case data are pro-vided by the De-part-ment of Dis
-ease Con-trol, Bangkok. 
 []

[20 <E:/PostDocWork/Dengue Related Research/Journal Writing/DengueForecastingPr
oject/figures/dengue_bangkok_2015.png>]
<./figures/dengue_community_vs_cases.png, id=330, 592.1322pt x 566.115pt>
File: ./figures/dengue_community_vs_cases.png Graphic file (type png)

<use ./figures/dengue_community_vs_cases.png>
Package pdftex.def Info: ./figures/dengue_community_vs_cases.png used on input 
line 834.
(pdftex.def)             Requested size: 341.43306pt x 326.42924pt.

Underfull \hbox (badness 10000) in paragraph at lines 854--858

 []


Underfull \hbox (badness 10000) in paragraph at lines 859--862

 []

[21] [22 <E:/PostDocWork/Dengue Related Research/Journal Writing/DengueForecast
ingProject/figures/dengue_community_vs_cases.png>]

LaTeX Warning: Command \textgreater invalid in math mode on input line 865.

LaTeX Font Info:    Try loading font information for OML+ptm on input line 865.

("C:\Program Files\MiKTeX 2.9\tex\latex\psnfss\omlptm.fd"
File: omlptm.fd 
)
LaTeX Font Info:    Font shape `OML/ptm/m/n' in size <10> not available
(Font)              Font shape `OML/cmm/m/it' tried instead on input line 865.


LaTeX Warning: Command \textgreater invalid in math mode on input line 865.


LaTeX Warning: Command \textgreater invalid in math mode on input line 891.


LaTeX Warning: Command \textgreater invalid in math mode on input line 891.

[23] <./figures/regression_dengue.png, id=351, 706.3188pt x 225.9642pt>
File: ./figures/regression_dengue.png Graphic file (type png)

<use ./figures/regression_dengue.png>
Package pdftex.def Info: ./figures/regression_dengue.png used on input line 906
.
(pdftex.def)             Requested size: 341.43306pt x 109.23047pt.

Underfull \hbox (badness 10000) in paragraph at lines 919--920

 []

[24 <E:/PostDocWork/Dengue Related Research/Journal Writing/DengueForecastingPr
oject/figures/regression_dengue.png>]
<./figures/logistic_dengue.png, id=359, 364.2408pt x 199.947pt>
File: ./figures/logistic_dengue.png Graphic file (type png)

<use ./figures/logistic_dengue.png>
Package pdftex.def Info: ./figures/logistic_dengue.png used on input line 928.
(pdftex.def)             Requested size: 341.43306pt x 187.43764pt.
Missing character: There is no ‚ in font ptmr7t!
Missing character: There is no Ä in font ptmr7t!
Missing character: There is no ú in font ptmr7t!
Missing character: There is no ‚ in font ptmr7t!
Missing character: There is no Ä in font ptmr7t!
Missing character: There is no ù in font ptmr7t!
Missing character: There is no ‚ in font ptmr7t!
Missing character: There is no Ä in font ptmr7t!
Missing character: There is no ú in font ptmr7t!
Missing character: There is no ‚ in font ptmr7t!
Missing character: There is no Ä in font ptmr7t!
Missing character: There is no ù in font ptmr7t!
Missing character: There is no ‚ in font ptmr7t!
Missing character: There is no Ä in font ptmr7t!
Missing character: There is no ú in font ptmr7t!
Missing character: There is no ‚ in font ptmr7t!
Missing character: There is no Ä in font ptmr7t!
Missing character: There is no ù in font ptmr7t!


LaTeX Warning: Reference `table-bn-md-cpd' on page 25 undefined on input line 9
39.

<./figures/bn_mosquito_density.png, id=361, 522.753pt x 455.301pt>
File: ./figures/bn_mosquito_density.png Graphic file (type png)

<use ./figures/bn_mosquito_density.png>
Package pdftex.def Info: ./figures/bn_mosquito_density.png used on input line 9
43.
(pdftex.def)             Requested size: 426.79134pt x 371.71661pt.

Overfull \hbox (81.79134pt too wide) in paragraph at lines 943--944
 [] 
 []


Overfull \hbox (69.01334pt too wide) in paragraph at lines 960--1003
 [][] 
 []

Missing character: There is no ¬ in font ptmr7t!
Missing character: There is no ∑ in font ptmr7t!
Missing character: There is no ¬ in font ptmr7t!
Missing character: There is no † in font ptmr7t!
Missing character: There is no ¬ in font ptmr7t!
Missing character: There is no † in font ptmr7t!
Missing character: There is no ¬ in font ptmr7t!
Missing character: There is no † in font ptmr7t!
Missing character: There is no ¬ in font ptmr7t!
Missing character: There is no † in font ptmr7t!
Missing character: There is no ¬ in font ptmr7t!
Missing character: There is no † in font ptmr7t!
Missing character: There is no ¬ in font ptmr7t!
Missing character: There is no ∑ in font ptmr7t!
Missing character: There is no ¬ in font ptmr7t!
Missing character: There is no † in font ptmr7t!
Missing character: There is no ¬ in font ptmr7t!
Missing character: There is no † in font ptmr7t!
Missing character: There is no ¬ in font ptmr7t!
Missing character: There is no † in font ptmr7t!
Missing character: There is no ¬ in font ptmr7t!
Missing character: There is no † in font ptmr7t!
Missing character: There is no ¬ in font ptmr7t!
Missing character: There is no † in font ptmr7t!
Missing character: There is no ¬ in font ptmr7t!
Missing character: There is no ∑ in font ptmr7t!
Missing character: There is no ¬ in font ptmr7t!
Missing character: There is no † in font ptmr7t!
Missing character: There is no ¬ in font ptmr7t!
Missing character: There is no † in font ptmr7t!
Missing character: There is no ¬ in font ptmr7t!
Missing character: There is no † in font ptmr7t!
Missing character: There is no ¬ in font ptmr7t!
Missing character: There is no † in font ptmr7t!
Missing character: There is no ¬ in font ptmr7t!
Missing character: There is no † in font ptmr7t!
Missing character: There is no ¬ in font ptmr7t!
Missing character: There is no ∑ in font ptmr7t!
Missing character: There is no ¬ in font ptmr7t!
Missing character: There is no † in font ptmr7t!
Missing character: There is no ¬ in font ptmr7t!
Missing character: There is no † in font ptmr7t!
Missing character: There is no ¬ in font ptmr7t!
Missing character: There is no † in font ptmr7t!
Missing character: There is no ¬ in font ptmr7t!
Missing character: There is no † in font ptmr7t!
Missing character: There is no ¬ in font ptmr7t!
Missing character: There is no † in font ptmr7t!
Missing character: There is no ¬ in font ptmr7t!
Missing character: There is no ∑ in font ptmr7t!
Missing character: There is no ¬ in font ptmr7t!
Missing character: There is no † in font ptmr7t!
Missing character: There is no ¬ in font ptmr7t!
Missing character: There is no † in font ptmr7t!
Missing character: There is no ¬ in font ptmr7t!
Missing character: There is no † in font ptmr7t!
Missing character: There is no ¬ in font ptmr7t!
Missing character: There is no † in font ptmr7t!
Missing character: There is no ¬ in font ptmr7t!
Missing character: There is no † in font ptmr7t!

Overfull \hbox (111.91524pt too wide) in paragraph at lines 1163--1214
 [][] 
 []


LaTeX Warning: Float too large for page by 67.59991pt on input line 1214.


LaTeX Warning: Float too large for page by 112.58762pt on input line 1358.

Missing character: There is no ‚ in font ptmr7t!
Missing character: There is no Ä in font ptmr7t!
Missing character: There is no ú in font ptmr7t!
Missing character: There is no ‚ in font ptmr7t!
Missing character: There is no Ä in font ptmr7t!
Missing character: There is no ù in font ptmr7t!
Missing character: There is no ‚ in font ptmr7t!
Missing character: There is no Ä in font ptmr7t!
Missing character: There is no ú in font ptmr7t!
Missing character: There is no ‚ in font ptmr7t!
Missing character: There is no Ä in font ptmr7t!
Missing character: There is no ù in font ptmr7t!

LaTeX Warning: Reference `table-bn-dr-cpd' on page 25 undefined on input line 1
373.

[25 <E:/PostDocWork/Dengue Related Research/Journal Writing/DengueForecastingPr
oject/figures/logistic_dengue.png>] [26 <E:/PostDocWork/Dengue Related Research
/Journal Writing/DengueForecastingProject/figures/bn_mosquito_density.png>]
[27] [28] [29] [30] [31] [32]
<./figures/bn_df_rate.png, id=413, 593.21625pt x 514.3215pt>
File: ./figures/bn_df_rate.png Graphic file (type png)

<use ./figures/bn_df_rate.png>
Package pdftex.def Info: ./figures/bn_df_rate.png used on input line 1377.
(pdftex.def)             Requested size: 426.79134pt x 370.04437pt.

Overfull \hbox (81.79134pt too wide) in paragraph at lines 1377--1378
 [] 
 []

<./figures/bn_md_dr.png, id=415, 818.0964pt x 456.2646pt>
File: ./figures/bn_md_dr.png Graphic file (type png)

<use ./figures/bn_md_dr.png>
Package pdftex.def Info: ./figures/bn_md_dr.png used on input line 1404.
(pdftex.def)             Requested size: 426.79134pt x 238.02478pt.

Overfull \hbox (81.79134pt too wide) in paragraph at lines 1404--1405
 [] 
 []

[33 <E:/PostDocWork/Dengue Related Research/Journal Writing/DengueForecastingPr
oject/figures/bn_df_rate.png>] [34 <E:/PostDocWork/Dengue Related Research/Jour
nal Writing/DengueForecastingProject/figures/bn_md_dr.png>]
("E:\PostDocWork\Dengue Related Research\Journal Writing\DengueForecastingProje
ct\main.bbl"
Missing character: There is no ‡ in font pcrr7tn!
Missing character: There is no ∏ in font pcrr7tn!
Missing character: There is no ‡ in font pcrr7tn!
Missing character: There is no ∏ in font pcrr7tn!
Missing character: There is no ñ in font pcrr7tn!
Missing character: There is no ‡ in font pcrr7tn!
Missing character: There is no ∏ in font pcrr7tn!
Missing character: There is no ≤ in font pcrr7tn!
Missing character: There is no ‡ in font pcrr7tn!
Missing character: There is no ∏ in font pcrr7tn!
Missing character: There is no ô in font pcrr7tn!
Missing character: There is no ‡ in font pcrr7tn!
Missing character: There is no ∏ in font pcrr7tn!
Missing character: There is no Å in font pcrr7tn!
Missing character: There is no ‡ in font pcrr7tn!
Missing character: There is no ∏ in font pcrr7tn!
Missing character: There is no ≤ in font pcrr7tn!
Missing character: There is no ‡ in font pcrr7tn!
Missing character: There is no ∏ in font pcrr7tn!
Missing character: There is no £ in font pcrr7tn!
Missing character: There is no ‡ in font pcrr7tn!
Missing character: There is no ∏ in font pcrr7tn!
Missing character: There is no ì in font pcrr7tn!
Missing character: There is no ‡ in font pcrr7tn!
Missing character: There is no π in font pcrr7tn!
Missing character: There is no ‡ in font pcrr7tn!
Missing character: There is no π in font pcrr7tn!
Missing character: There is no Ñ in font pcrr7tn!
Missing character: There is no ‡ in font pcrr7tn!
Missing character: There is no ∏ in font pcrr7tn!
Missing character: There is no Ç in font pcrr7tn!
Missing character: There is no ‡ in font pcrr7tn!
Missing character: There is no π in font pcrr7tn!
Missing character: There is no â in font pcrr7tn!
Missing character: There is no ‡ in font pcrr7tn!
Missing character: There is no π in font pcrr7tn!
Missing character: There is no Ä in font pcrr7tn!
Missing character: There is no ‡ in font pcrr7tn!
Missing character: There is no ∏ in font pcrr7tn!
Missing character: There is no • in font pcrr7tn!
Missing character: There is no ‡ in font pcrr7tn!
Missing character: There is no ∏ in font pcrr7tn!
Missing character: There is no ∑ in font pcrr7tn!
Missing character: There is no ‡ in font pcrr7tn!
Missing character: There is no ∏ in font pcrr7tn!
Missing character: There is no ≠ in font pcrr7tn!
Missing character: There is no ‡ in font pcrr7tn!
Missing character: There is no ∏ in font pcrr7tn!
Missing character: There is no î in font pcrr7tn!
Missing character: There is no ‡ in font pcrr7tn!
Missing character: There is no ∏ in font pcrr7tn!
Missing character: There is no ≠ in font pcrr7tn!
Missing character: There is no ‡ in font pcrr7tn!
Missing character: There is no ∏ in font pcrr7tn!
Missing character: There is no ≠ in font pcrr7tn!
Missing character: There is no ‡ in font pcrr7tn!
Missing character: There is no ∏ in font pcrr7tn!
Missing character: There is no Å in font pcrr7tn!

Underfull \hbox (badness 3364) in paragraph at lines 28--31
[]\OT1/ptm/m/n/10 B. of Vector-Borne Dis-eases Thai-land, Dengue fever sit-u-a-
tion in thai-
 []


Underfull \hbox (badness 2277) in paragraph at lines 28--31
\OT1/ptm/m/n/10 land, []$\OT1/pcr/m/n/10 http : / / www . thaivbd . org / n / d
engues ? module = ™&type = week&year =$
 []

[35] [36] [37]
Underfull \hbox (badness 10000) in paragraph at lines 173--176
[]\OT1/ptm/m/n/10 World Pop-u-la-tion Re-view, Bangkok pop-u-la-tion 2015., []$
\OT1/pcr/m/n/10 http : / /$
 []


Underfull \hbox (badness 10000) in paragraph at lines 173--176
$\OT1/pcr/m/n/10 worldpopulationreview . com / world-[]cities / bangkok-[]popul
ation/$[]\OT1/ptm/m/n/10 ,
 []


Underfull \hbox (badness 7344) in paragraph at lines 178--182
[]\OT1/ptm/m/n/10 World Weather On-line, Bangkok av-er-age tem-per-a-ture and r
ain from
 []

)
Package atveryend Info: Empty hook `BeforeClearDocument' on input line 1416.
 [38]
Package atveryend Info: Empty hook `AfterLastShipout' on input line 1416.

("E:\PostDocWork\Dengue Related Research\Journal Writing\DengueForecastingProje
ct\main.aux")
Package atveryend Info: Executing hook `AtVeryEndDocument' on input line 1416.
Package atveryend Info: Executing hook `AtEndAfterFileList' on input line 1416.

Package rerunfilecheck Info: File `main.out' has not changed.
(rerunfilecheck)             Checksum: DD3CE1B4B78961444F2D8272B2415ECA;2439.


LaTeX Warning: There were undefined references.


LaTeX Warning: There were multiply-defined labels.

Package atveryend Info: Empty hook `AtVeryVeryEnd' on input line 1416.
 ) 
Here is how much of TeX's memory you used:
 8233 strings out of 493921
 116046 string characters out of 3147257
 239752 words of memory out of 3000000
 11218 multiletter control sequences out of 15000+200000
 43538 words of font info for 92 fonts, out of 3000000 for 9000
 841 hyphenation exceptions out of 8191
 34i,10n,32p,1492b,542s stack positions out of 5000i,500n,10000p,200000b,50000s
{C:/Program Files/MiKTeX 2.9/fonts/enc/dvips/fontname/8r.enc}<C:/Program File
s/MiKTeX 2.9/fonts/type1/public/amsfonts/cm/cmmi10.pfb><C:/Program Files/MiKTeX
 2.9/fonts/type1/public/amsfonts/cm/cmr10.pfb><C:/Program Files/MiKTeX 2.9/font
s/type1/public/amsfonts/cm/cmsy10.pfb><C:/Program Files/MiKTeX 2.9/fonts/type1/
public/amsfonts/symbols/msam10.pfb><C:/Program Files/MiKTeX 2.9/fonts/type1/urw
/courier/ucrr8a.pfb><C:/Program Files/MiKTeX 2.9/fonts/type1/urw/helvetic/uhvr8
a.pfb><C:/Program Files/MiKTeX 2.9/fonts/type1/urw/symbol/usyr.pfb><C:/Program 
Files/MiKTeX 2.9/fonts/type1/urw/times/utmb8a.pfb><C:/Program Files/MiKTeX 2.9/
fonts/type1/urw/times/utmr8a.pfb><C:/Program Files/MiKTeX 2.9/fonts/type1/urw/t
imes/utmri8a.pfb>
Output written on main.pdf (38 pages, 1051404 bytes).
PDF statistics:
 537 PDF objects out of 1000 (max. 8388607)
 152 named destinations out of 1000 (max. 500000)
 250 words of extra memory for PDF output out of 10000 (max. 10000000)

